0 info it worked if it ends with ok
1 verbose cli [ 'C:\\Program Files (x86)\\nodejs\\\\node.exe',
1 verbose cli   'C:\\Program Files (x86)\\nodejs\\node_modules\\npm\\bin\\npm-cli.js',
1 verbose cli   'install',
1 verbose cli   'chia' ]
2 info using npm@1.4.23
3 info using node@v0.10.31
4 verbose node symlink C:\Program Files (x86)\nodejs\\node.exe
5 warn package.json MultiVision@1.0.0 No repository field.
6 warn package.json MultiVision@1.0.0 No README data
7 verbose readDependencies using package.json deps
8 verbose cache add [ 'chia', null ]
9 verbose cache add name=undefined spec="chia" args=["chia",null]
10 verbose parsed url { protocol: null,
10 verbose parsed url   slashes: null,
10 verbose parsed url   auth: null,
10 verbose parsed url   host: null,
10 verbose parsed url   port: null,
10 verbose parsed url   hostname: null,
10 verbose parsed url   hash: null,
10 verbose parsed url   search: null,
10 verbose parsed url   query: null,
10 verbose parsed url   pathname: 'chia',
10 verbose parsed url   path: 'chia',
10 verbose parsed url   href: 'chia' }
11 silly lockFile 0ffe88b5-chia chia
12 verbose lock chia C:\Users\cato.INTERNAL\AppData\Roaming\npm-cache\0ffe88b5-chia.lock
13 silly lockFile 0ffe88b5-chia chia
14 silly lockFile 0ffe88b5-chia chia
15 verbose addNamed [ 'chia', '' ]
16 verbose addNamed [ null, '*' ]
17 silly lockFile 94ca0dbf-chia chia@
18 verbose lock chia@ C:\Users\cato.INTERNAL\AppData\Roaming\npm-cache\94ca0dbf-chia.lock
19 silly addNameRange { name: 'chia', range: '*', hasData: false }
20 verbose request where is /chia
21 verbose request registry https://registry.npmjs.org/
22 verbose request id 9bf33d9759326843
23 verbose url raw /chia
24 verbose url resolving [ 'https://registry.npmjs.org/', './chia' ]
25 verbose url resolved https://registry.npmjs.org/chia
26 verbose request where is https://registry.npmjs.org/chia
27 info trying registry request attempt 1 at 13:51:09
28 http GET https://registry.npmjs.org/chia
29 http 404 https://registry.npmjs.org/chia
30 verbose headers { date: 'Wed, 04 Mar 2015 12:51:10 GMT',
30 verbose headers   server: 'CouchDB/1.5.0 (Erlang OTP/R16B03)',
30 verbose headers   'content-type': 'application/json',
30 verbose headers   'cache-control': 'max-age=0',
30 verbose headers   'content-length': '52',
30 verbose headers   'accept-ranges': 'bytes',
30 verbose headers   via: '1.1 varnish',
30 verbose headers   age: '0',
30 verbose headers   'x-served-by': 'cache-fra1222-FRA',
30 verbose headers   'x-cache': 'MISS',
30 verbose headers   'x-cache-hits': '0',
30 verbose headers   'x-timer': 'S1425473469.987750,VS0,VE174',
30 verbose headers   'keep-alive': 'timeout=10, max=50',
30 verbose headers   connection: 'Keep-Alive' }
31 silly registry.get cb [ 404,
31 silly registry.get   { date: 'Wed, 04 Mar 2015 12:51:10 GMT',
31 silly registry.get     server: 'CouchDB/1.5.0 (Erlang OTP/R16B03)',
31 silly registry.get     'content-type': 'application/json',
31 silly registry.get     'cache-control': 'max-age=0',
31 silly registry.get     'content-length': '52',
31 silly registry.get     'accept-ranges': 'bytes',
31 silly registry.get     via: '1.1 varnish',
31 silly registry.get     age: '0',
31 silly registry.get     'x-served-by': 'cache-fra1222-FRA',
31 silly registry.get     'x-cache': 'MISS',
31 silly registry.get     'x-cache-hits': '0',
31 silly registry.get     'x-timer': 'S1425473469.987750,VS0,VE174',
31 silly registry.get     'keep-alive': 'timeout=10, max=50',
31 silly registry.get     connection: 'Keep-Alive' } ]
32 silly lockFile 94ca0dbf-chia chia@
33 silly lockFile 94ca0dbf-chia chia@
34 error 404 404 Not Found: chia
34 error 404
34 error 404 'chia' is not in the npm registry.
34 error 404 You should bug the author to publish it
34 error 404 It was specified as a dependency of 'MultiVision'
34 error 404
34 error 404 Note that you can also install from a
34 error 404 tarball, folder, or http url, or git url.
35 error System Windows_NT 6.2.9200
36 error command "C:\\Program Files (x86)\\nodejs\\\\node.exe" "C:\\Program Files (x86)\\nodejs\\node_modules\\npm\\bin\\npm-cli.js" "install" "chia"
37 error cwd C:\Users\cato.INTERNAL\Documents\GitHub\Multivision
38 error node -v v0.10.31
39 error npm -v 1.4.23
40 error code E404
41 verbose exit [ 1, true ]
